Using pre-set license
Built from '2020.3/release' branch; Version is '2020.3.2f1 (8fd9074bf66c) revision 9427207'; Using compiler version '192528614'; Build Type 'Release'
OS: 'Windows 10 Pro; OS build 19043.1586; Version 2009; 64bit' Language: 'en' Physical Memory: 32659 MB
BatchMode: 1, IsHumanControllingUs: 0, StartBugReporterOnCrash: 0, Is64bit: 1, IsPro: 0

 COMMAND LINE ARGUMENTS:
D:\Unity\2020.3.2f1\Editor\Unity.exe
-adb2
-batchMode
-noUpm
-name
AssetImportWorker0
-projectPath
D:/UnityProjects/Ludum Dare Test
-logFile
Logs/AssetImportWorker0.log
-srvPort
58367
Successfully changed project path to: D:/UnityProjects/Ludum Dare Test
D:/UnityProjects/Ludum Dare Test
Using Asset Import Pipeline V2.
Refreshing native plugins compatible for Editor in 19.28 ms, found 0 plugins.
Preloading 0 native plugins for Editor in 0.00 ms.
Initialize engine version: 2020.3.2f1 (8fd9074bf66c)
[Subsystems] Discovering subsystems at path D:/Unity/2020.3.2f1/Editor/Data/Resources/UnitySubsystems
[Subsystems] Discovering subsystems at path D:/UnityProjects/Ludum Dare Test/Assets
GfxDevice: creating device client; threaded=0
Direct3D:
    Version:  Direct3D 11.0 [level 11.1]
    Renderer: NVIDIA GeForce RTX 3080 Ti (ID=0x2208)
    Vendor:   
    VRAM:     12108 MB
    Driver:   30.0.15.1179
Initialize mono
Mono path[0] = 'D:/Unity/2020.3.2f1/Editor/Data/Managed'
Mono path[1] = 'D:/Unity/2020.3.2f1/Editor/Data/MonoBleedingEdge/lib/mono/unityjit'
Mono config path = 'D:/Unity/2020.3.2f1/Editor/Data/MonoBleedingEdge/etc'
Using monoOptions --debugger-agent=transport=dt_socket,embedding=1,server=y,suspend=n,address=127.0.0.1:56176
Begin MonoManager ReloadAssembly
Registering precompiled unity dll's ...
Register platform support module: D:/Unity/2020.3.2f1/Editor/Data/PlaybackEngines/WindowsStandaloneSupport/UnityEditor.WindowsStandalone.Extensions.dll
Registered in 0.000702 seconds.
Native extension for WindowsStandalone target not found
Refreshing native plugins compatible for Editor in 20.01 ms, found 0 plugins.
Preloading 0 native plugins for Editor in 0.00 ms.
Invoked RoslynAnalysisRunner static constructor.
RoslynAnalysisRunner will not be running.
RoslynAnalysisRunner has terminated.
Mono: successfully reloaded assembly
- Completed reload, in  0.663 seconds
Platform modules already initialized, skipping
Registering precompiled user dll's ...
Registered in 0.000335 seconds.
Begin MonoManager ReloadAssembly
Native extension for WindowsStandalone target not found
Refreshing native plugins compatible for Editor in 0.17 ms, found 0 plugins.
Preloading 0 native plugins for Editor in 0.00 ms.
Invoked RoslynAnalysisRunner static constructor.
RoslynAnalysisRunner will not be running.
RoslynAnalysisRunner has terminated.
Mono: successfully reloaded assembly
- Completed reload, in  0.640 seconds
Platform modules already initialized, skipping
========================================================================
Worker process is ready to serve import requests
Launched and connected shader compiler UnityShaderCompiler.exe after 0.02 seconds
Refreshing native plugins compatible for Editor in 0.18 ms, found 0 plugins.
Preloading 0 native plugins for Editor in 0.00 ms.
Unloading 1173 Unused Serialized files (Serialized files now loaded: 0)
System memory in use before: 72.4 MB.
System memory in use after: 72.5 MB.

Unloading 8 unused Assets to reduce memory usage. Loaded Objects now: 1632.
Total: 1.396400 ms (FindLiveObjects: 0.206500 ms CreateObjectMapping: 0.083500 ms MarkObjects: 1.091200 ms  DeleteObjects: 0.014400 ms)

========================================================================
Received Import Request.
  path: Assets/_Game/Scripts/GameController.cs
  artifactKey: Guid(fafd469da22bd3b4c972482990187351) Importer(815301076,1909f56bfc062723c751e8b465ee728b)
Start importing Assets/_Game/Scripts/GameController.cs using Guid(fafd469da22bd3b4c972482990187351) Importer(815301076,1909f56bfc062723c751e8b465ee728b)  -> (artifact id: 'a00c6931c056ec9eefff98f4824a369f') in 0.015371 seconds
  Import took 0.016854 seconds .

========================================================================
Received Prepare
Registering precompiled user dll's ...
Registered in 0.000356 seconds.
Begin MonoManager ReloadAssembly
Native extension for WindowsStandalone target not found
Refreshing native plugins compatible for Editor in 0.17 ms, found 0 plugins.
Preloading 0 native plugins for Editor in 0.00 ms.
Invoked RoslynAnalysisRunner static constructor.
RoslynAnalysisRunner will not be running.
RoslynAnalysisRunner has terminated.
Mono: successfully reloaded assembly
- Completed reload, in  0.575 seconds
Platform modules already initialized, skipping
Refreshing native plugins compatible for Editor in 0.17 ms, found 0 plugins.
Preloading 0 native plugins for Editor in 0.00 ms.
Unloading 1154 Unused Serialized files (Serialized files now loaded: 0)
System memory in use before: 71.0 MB.
System memory in use after: 71.1 MB.

Unloading 4 unused Assets to reduce memory usage. Loaded Objects now: 1635.
Total: 1.215400 ms (FindLiveObjects: 0.183000 ms CreateObjectMapping: 0.045800 ms MarkObjects: 0.977700 ms  DeleteObjects: 0.008100 ms)

========================================================================
Received Import Request.
  Time since last request: 30.240091 seconds.
  path: Assets/New Terrain.asset
  artifactKey: Guid(a26f98f43dff9fd43b47a0d203dcd149) Importer(815301076,1909f56bfc062723c751e8b465ee728b)
Start importing Assets/New Terrain.asset using Guid(a26f98f43dff9fd43b47a0d203dcd149) Importer(815301076,1909f56bfc062723c751e8b465ee728b)  -> (artifact id: '20066cb06b0b98f009b18f9edc6c302e') in 0.016005 seconds
  Import took 0.017450 seconds .

========================================================================
Received Import Request.
  Time since last request: 3.762140 seconds.
  path: Assets/game_notes.txt
  artifactKey: Guid(5cd09357403e4fe4a9d1ed77a0e597d0) Importer(815301076,1909f56bfc062723c751e8b465ee728b)
Start importing Assets/game_notes.txt using Guid(5cd09357403e4fe4a9d1ed77a0e597d0) Importer(815301076,1909f56bfc062723c751e8b465ee728b)  -> (artifact id: '1740423f19d733caacec690f1bcdf206') in 0.006770 seconds
  Import took 0.008243 seconds .

========================================================================
Received Import Request.
  Time since last request: 0.002854 seconds.
  path: Assets/game_notes.txt
  artifactKey: Guid(5cd09357403e4fe4a9d1ed77a0e597d0) Importer(815301076,1909f56bfc062723c751e8b465ee728b)
Start importing Assets/game_notes.txt using Guid(5cd09357403e4fe4a9d1ed77a0e597d0) Importer(815301076,1909f56bfc062723c751e8b465ee728b)  -> (artifact id: '1740423f19d733caacec690f1bcdf206') in 0.001330 seconds
  Import took 0.002790 seconds .

========================================================================
Received Prepare
Registering precompiled user dll's ...
Registered in 0.000396 seconds.
Begin MonoManager ReloadAssembly
Native extension for WindowsStandalone target not found
Refreshing native plugins compatible for Editor in 0.17 ms, found 0 plugins.
Preloading 0 native plugins for Editor in 0.00 ms.
Invoked RoslynAnalysisRunner static constructor.
RoslynAnalysisRunner will not be running.
RoslynAnalysisRunner has terminated.
Mono: successfully reloaded assembly
- Completed reload, in  0.547 seconds
Platform modules already initialized, skipping
Refreshing native plugins compatible for Editor in 0.16 ms, found 0 plugins.
Preloading 0 native plugins for Editor in 0.00 ms.
Unloading 1154 Unused Serialized files (Serialized files now loaded: 0)
System memory in use before: 71.1 MB.
System memory in use after: 71.2 MB.

Unloading 4 unused Assets to reduce memory usage. Loaded Objects now: 1638.
Total: 1.074900 ms (FindLiveObjects: 0.102300 ms CreateObjectMapping: 0.032000 ms MarkObjects: 0.930900 ms  DeleteObjects: 0.008800 ms)

AssetImportWorkerClient::OnTransportError - code=2 error=End of file
